<?xml version="1.0" encoding="UTF-8"?>
<testsuite xmlns:xsi="http://www.w3.org/2001/XMLSchema-instance" xsi:noNamespaceSchemaLocation="https://maven.apache.org/surefire/maven-surefire-plugin/xsd/surefire-test-report.xsd" name="com.home.amazon.provisional.lambda.PutAuroraItemFunctionTest" time="10.94" tests="1" errors="0" skipped="0" failures="0">
  <properties>
    <property name="sun.desktop" value="windows"/>
    <property name="awt.toolkit" value="sun.awt.windows.WToolkit"/>
    <property name="file.encoding.pkg" value="sun.io"/>
    <property name="java.specification.version" value="1.8"/>
    <property name="sun.cpu.isalist" value="amd64"/>
    <property name="sun.jnu.encoding" value="Cp1252"/>
    <property name="java.class.path" value="E:\zenfre-original-code\backend\aws-provisional-aurora\aurora-provisional-post-transaction\target\test-classes;E:\zenfre-original-code\backend\aws-provisional-aurora\aurora-provisional-post-transaction\target\classes;E:\zenfre-original-code\backend\aws-provisional-aurora\aurora-provisional-core\target\aurora-provisional-core-1.0-SNAPSHOT.jar;C:\Users\himanshu.dabhade\.m2\repository\software\amazon\awssdk\rdsdata\2.17.66\rdsdata-2.17.66.jar;C:\Users\himanshu.dabhade\.m2\repository\software\amazon\awssdk\protocol-core\2.17.66\protocol-core-2.17.66.jar;C:\Users\himanshu.dabhade\.m2\repository\software\amazon\awssdk\aws-json-protocol\2.17.66\aws-json-protocol-2.17.66.jar;C:\Users\himanshu.dabhade\.m2\repository\software\amazon\awssdk\third-party-jackson-core\2.17.66\third-party-jackson-core-2.17.66.jar;C:\Users\himanshu.dabhade\.m2\repository\software\amazon\awssdk\json-utils\2.17.66\json-utils-2.17.66.jar;C:\Users\himanshu.dabhade\.m2\repository\software\amazon\awssdk\sdk-core\2.17.66\sdk-core-2.17.66.jar;C:\Users\himanshu.dabhade\.m2\repository\software\amazon\awssdk\profiles\2.17.66\profiles-2.17.66.jar;C:\Users\himanshu.dabhade\.m2\repository\org\slf4j\slf4j-api\1.7.30\slf4j-api-1.7.30.jar;C:\Users\himanshu.dabhade\.m2\repository\org\reactivestreams\reactive-streams\1.0.3\reactive-streams-1.0.3.jar;C:\Users\himanshu.dabhade\.m2\repository\software\amazon\awssdk\auth\2.17.66\auth-2.17.66.jar;C:\Users\himanshu.dabhade\.m2\repository\software\amazon\eventstream\eventstream\1.0.1\eventstream-1.0.1.jar;C:\Users\himanshu.dabhade\.m2\repository\software\amazon\awssdk\http-client-spi\2.17.66\http-client-spi-2.17.66.jar;C:\Users\himanshu.dabhade\.m2\repository\software\amazon\awssdk\regions\2.17.66\regions-2.17.66.jar;C:\Users\himanshu.dabhade\.m2\repository\software\amazon\awssdk\annotations\2.17.66\annotations-2.17.66.jar;C:\Users\himanshu.dabhade\.m2\repository\software\amazon\awssdk\utils\2.17.66\utils-2.17.66.jar;C:\Users\himanshu.dabhade\.m2\repository\software\amazon\awssdk\aws-core\2.17.66\aws-core-2.17.66.jar;C:\Users\himanshu.dabhade\.m2\repository\software\amazon\awssdk\metrics-spi\2.17.66\metrics-spi-2.17.66.jar;C:\Users\himanshu.dabhade\.m2\repository\com\google\code\gson\gson\2.8.7\gson-2.8.7.jar;C:\Users\himanshu.dabhade\.m2\repository\com\amazonaws\aws-lambda-java-core\1.2.0\aws-lambda-java-core-1.2.0.jar;C:\Users\himanshu.dabhade\.m2\repository\com\amazonaws\aws-lambda-java-events\3.10.0\aws-lambda-java-events-3.10.0.jar;C:\Users\himanshu.dabhade\.m2\repository\joda-time\joda-time\2.6\joda-time-2.6.jar;C:\Users\himanshu.dabhade\.m2\repository\software\amazon\awssdk\sqs\2.17.66\sqs-2.17.66.jar;C:\Users\himanshu.dabhade\.m2\repository\software\amazon\awssdk\aws-query-protocol\2.17.66\aws-query-protocol-2.17.66.jar;C:\Users\himanshu.dabhade\.m2\repository\software\amazon\awssdk\apache-client\2.17.66\apache-client-2.17.66.jar;C:\Users\himanshu.dabhade\.m2\repository\org\apache\httpcomponents\httpclient\4.5.13\httpclient-4.5.13.jar;C:\Users\himanshu.dabhade\.m2\repository\commons-logging\commons-logging\1.2\commons-logging-1.2.jar;C:\Users\himanshu.dabhade\.m2\repository\commons-codec\commons-codec\1.11\commons-codec-1.11.jar;C:\Users\himanshu.dabhade\.m2\repository\org\apache\httpcomponents\httpcore\4.4.11\httpcore-4.4.11.jar;C:\Users\himanshu.dabhade\.m2\repository\software\amazon\awssdk\netty-nio-client\2.17.66\netty-nio-client-2.17.66.jar;C:\Users\himanshu.dabhade\.m2\repository\io\netty\netty-codec-http\4.1.68.Final\netty-codec-http-4.1.68.Final.jar;C:\Users\himanshu.dabhade\.m2\repository\io\netty\netty-codec-http2\4.1.68.Final\netty-codec-http2-4.1.68.Final.jar;C:\Users\himanshu.dabhade\.m2\repository\io\netty\netty-codec\4.1.68.Final\netty-codec-4.1.68.Final.jar;C:\Users\himanshu.dabhade\.m2\repository\io\netty\netty-transport\4.1.68.Final\netty-transport-4.1.68.Final.jar;C:\Users\himanshu.dabhade\.m2\repository\io\netty\netty-resolver\4.1.68.Final\netty-resolver-4.1.68.Final.jar;C:\Users\himanshu.dabhade\.m2\repository\io\netty\netty-common\4.1.68.Final\netty-common-4.1.68.Final.jar;C:\Users\himanshu.dabhade\.m2\repository\io\netty\netty-buffer\4.1.68.Final\netty-buffer-4.1.68.Final.jar;C:\Users\himanshu.dabhade\.m2\repository\io\netty\netty-handler\4.1.68.Final\netty-handler-4.1.68.Final.jar;C:\Users\himanshu.dabhade\.m2\repository\io\netty\netty-transport-native-epoll\4.1.68.Final\netty-transport-native-epoll-4.1.68.Final-linux-x86_64.jar;C:\Users\himanshu.dabhade\.m2\repository\io\netty\netty-transport-native-unix-common\4.1.68.Final\netty-transport-native-unix-common-4.1.68.Final.jar;C:\Users\himanshu.dabhade\.m2\repository\com\typesafe\netty\netty-reactive-streams-http\2.0.5\netty-reactive-streams-http-2.0.5.jar;C:\Users\himanshu.dabhade\.m2\repository\com\typesafe\netty\netty-reactive-streams\2.0.5\netty-reactive-streams-2.0.5.jar;C:\Users\himanshu.dabhade\.m2\repository\mysql\mysql-connector-java\5.1.35\mysql-connector-java-5.1.35.jar;C:\Users\himanshu.dabhade\.m2\repository\org\junit\jupiter\junit-jupiter\5.8.1\junit-jupiter-5.8.1.jar;C:\Users\himanshu.dabhade\.m2\repository\org\junit\jupiter\junit-jupiter-api\5.8.1\junit-jupiter-api-5.8.1.jar;C:\Users\himanshu.dabhade\.m2\repository\org\opentest4j\opentest4j\1.2.0\opentest4j-1.2.0.jar;C:\Users\himanshu.dabhade\.m2\repository\org\junit\platform\junit-platform-commons\1.8.1\junit-platform-commons-1.8.1.jar;C:\Users\himanshu.dabhade\.m2\repository\org\apiguardian\apiguardian-api\1.1.2\apiguardian-api-1.1.2.jar;C:\Users\himanshu.dabhade\.m2\repository\org\junit\jupiter\junit-jupiter-params\5.8.1\junit-jupiter-params-5.8.1.jar;C:\Users\himanshu.dabhade\.m2\repository\org\junit\jupiter\junit-jupiter-engine\5.8.1\junit-jupiter-engine-5.8.1.jar;C:\Users\himanshu.dabhade\.m2\repository\org\junit\platform\junit-platform-engine\1.8.1\junit-platform-engine-1.8.1.jar;C:\Users\himanshu.dabhade\.m2\repository\org\mockito\mockito-junit-jupiter\4.0.0\mockito-junit-jupiter-4.0.0.jar;C:\Users\himanshu.dabhade\.m2\repository\org\mockito\mockito-core\4.0.0\mockito-core-4.0.0.jar;C:\Users\himanshu.dabhade\.m2\repository\net\bytebuddy\byte-buddy\1.11.19\byte-buddy-1.11.19.jar;C:\Users\himanshu.dabhade\.m2\repository\net\bytebuddy\byte-buddy-agent\1.11.19\byte-buddy-agent-1.11.19.jar;C:\Users\himanshu.dabhade\.m2\repository\org\objenesis\objenesis\3.2\objenesis-3.2.jar;C:\Users\himanshu.dabhade\.m2\repository\org\mockito\mockito-inline\4.0.0\mockito-inline-4.0.0.jar;"/>
    <property name="java.vm.vendor" value="Oracle Corporation"/>
    <property name="sun.arch.data.model" value="64"/>
    <property name="user.variant" value=""/>
    <property name="java.vendor.url" value="http://java.oracle.com/"/>
    <property name="user.timezone" value="Asia/Calcutta"/>
    <property name="java.vm.specification.version" value="1.8"/>
    <property name="os.name" value="Windows 10"/>
    <property name="user.country" value="IN"/>
    <property name="sun.java.launcher" value="SUN_STANDARD"/>
    <property name="sun.boot.library.path" value="C:\Program Files\Java\jdk1.8.0_201\jre\bin"/>
    <property name="sun.java.command" value="C:\Users\HIMANS~1.DAB\AppData\Local\Temp\surefire3610888763802045259\surefirebooter625128833218626943.jar C:\Users\himanshu.dabhade\AppData\Local\Temp\surefire3610888763802045259 2022-06-17T18-07-05_008-jvmRun1 surefire380485853342905251tmp surefire_0100821785296048453tmp"/>
    <property name="surefire.test.class.path" value="E:\zenfre-original-code\backend\aws-provisional-aurora\aurora-provisional-post-transaction\target\test-classes;E:\zenfre-original-code\backend\aws-provisional-aurora\aurora-provisional-post-transaction\target\classes;E:\zenfre-original-code\backend\aws-provisional-aurora\aurora-provisional-core\target\aurora-provisional-core-1.0-SNAPSHOT.jar;C:\Users\himanshu.dabhade\.m2\repository\software\amazon\awssdk\rdsdata\2.17.66\rdsdata-2.17.66.jar;C:\Users\himanshu.dabhade\.m2\repository\software\amazon\awssdk\protocol-core\2.17.66\protocol-core-2.17.66.jar;C:\Users\himanshu.dabhade\.m2\repository\software\amazon\awssdk\aws-json-protocol\2.17.66\aws-json-protocol-2.17.66.jar;C:\Users\himanshu.dabhade\.m2\repository\software\amazon\awssdk\third-party-jackson-core\2.17.66\third-party-jackson-core-2.17.66.jar;C:\Users\himanshu.dabhade\.m2\repository\software\amazon\awssdk\json-utils\2.17.66\json-utils-2.17.66.jar;C:\Users\himanshu.dabhade\.m2\repository\software\amazon\awssdk\sdk-core\2.17.66\sdk-core-2.17.66.jar;C:\Users\himanshu.dabhade\.m2\repository\software\amazon\awssdk\profiles\2.17.66\profiles-2.17.66.jar;C:\Users\himanshu.dabhade\.m2\repository\org\slf4j\slf4j-api\1.7.30\slf4j-api-1.7.30.jar;C:\Users\himanshu.dabhade\.m2\repository\org\reactivestreams\reactive-streams\1.0.3\reactive-streams-1.0.3.jar;C:\Users\himanshu.dabhade\.m2\repository\software\amazon\awssdk\auth\2.17.66\auth-2.17.66.jar;C:\Users\himanshu.dabhade\.m2\repository\software\amazon\eventstream\eventstream\1.0.1\eventstream-1.0.1.jar;C:\Users\himanshu.dabhade\.m2\repository\software\amazon\awssdk\http-client-spi\2.17.66\http-client-spi-2.17.66.jar;C:\Users\himanshu.dabhade\.m2\repository\software\amazon\awssdk\regions\2.17.66\regions-2.17.66.jar;C:\Users\himanshu.dabhade\.m2\repository\software\amazon\awssdk\annotations\2.17.66\annotations-2.17.66.jar;C:\Users\himanshu.dabhade\.m2\repository\software\amazon\awssdk\utils\2.17.66\utils-2.17.66.jar;C:\Users\himanshu.dabhade\.m2\repository\software\amazon\awssdk\aws-core\2.17.66\aws-core-2.17.66.jar;C:\Users\himanshu.dabhade\.m2\repository\software\amazon\awssdk\metrics-spi\2.17.66\metrics-spi-2.17.66.jar;C:\Users\himanshu.dabhade\.m2\repository\com\google\code\gson\gson\2.8.7\gson-2.8.7.jar;C:\Users\himanshu.dabhade\.m2\repository\com\amazonaws\aws-lambda-java-core\1.2.0\aws-lambda-java-core-1.2.0.jar;C:\Users\himanshu.dabhade\.m2\repository\com\amazonaws\aws-lambda-java-events\3.10.0\aws-lambda-java-events-3.10.0.jar;C:\Users\himanshu.dabhade\.m2\repository\joda-time\joda-time\2.6\joda-time-2.6.jar;C:\Users\himanshu.dabhade\.m2\repository\software\amazon\awssdk\sqs\2.17.66\sqs-2.17.66.jar;C:\Users\himanshu.dabhade\.m2\repository\software\amazon\awssdk\aws-query-protocol\2.17.66\aws-query-protocol-2.17.66.jar;C:\Users\himanshu.dabhade\.m2\repository\software\amazon\awssdk\apache-client\2.17.66\apache-client-2.17.66.jar;C:\Users\himanshu.dabhade\.m2\repository\org\apache\httpcomponents\httpclient\4.5.13\httpclient-4.5.13.jar;C:\Users\himanshu.dabhade\.m2\repository\commons-logging\commons-logging\1.2\commons-logging-1.2.jar;C:\Users\himanshu.dabhade\.m2\repository\commons-codec\commons-codec\1.11\commons-codec-1.11.jar;C:\Users\himanshu.dabhade\.m2\repository\org\apache\httpcomponents\httpcore\4.4.11\httpcore-4.4.11.jar;C:\Users\himanshu.dabhade\.m2\repository\software\amazon\awssdk\netty-nio-client\2.17.66\netty-nio-client-2.17.66.jar;C:\Users\himanshu.dabhade\.m2\repository\io\netty\netty-codec-http\4.1.68.Final\netty-codec-http-4.1.68.Final.jar;C:\Users\himanshu.dabhade\.m2\repository\io\netty\netty-codec-http2\4.1.68.Final\netty-codec-http2-4.1.68.Final.jar;C:\Users\himanshu.dabhade\.m2\repository\io\netty\netty-codec\4.1.68.Final\netty-codec-4.1.68.Final.jar;C:\Users\himanshu.dabhade\.m2\repository\io\netty\netty-transport\4.1.68.Final\netty-transport-4.1.68.Final.jar;C:\Users\himanshu.dabhade\.m2\repository\io\netty\netty-resolver\4.1.68.Final\netty-resolver-4.1.68.Final.jar;C:\Users\himanshu.dabhade\.m2\repository\io\netty\netty-common\4.1.68.Final\netty-common-4.1.68.Final.jar;C:\Users\himanshu.dabhade\.m2\repository\io\netty\netty-buffer\4.1.68.Final\netty-buffer-4.1.68.Final.jar;C:\Users\himanshu.dabhade\.m2\repository\io\netty\netty-handler\4.1.68.Final\netty-handler-4.1.68.Final.jar;C:\Users\himanshu.dabhade\.m2\repository\io\netty\netty-transport-native-epoll\4.1.68.Final\netty-transport-native-epoll-4.1.68.Final-linux-x86_64.jar;C:\Users\himanshu.dabhade\.m2\repository\io\netty\netty-transport-native-unix-common\4.1.68.Final\netty-transport-native-unix-common-4.1.68.Final.jar;C:\Users\himanshu.dabhade\.m2\repository\com\typesafe\netty\netty-reactive-streams-http\2.0.5\netty-reactive-streams-http-2.0.5.jar;C:\Users\himanshu.dabhade\.m2\repository\com\typesafe\netty\netty-reactive-streams\2.0.5\netty-reactive-streams-2.0.5.jar;C:\Users\himanshu.dabhade\.m2\repository\mysql\mysql-connector-java\5.1.35\mysql-connector-java-5.1.35.jar;C:\Users\himanshu.dabhade\.m2\repository\org\junit\jupiter\junit-jupiter\5.8.1\junit-jupiter-5.8.1.jar;C:\Users\himanshu.dabhade\.m2\repository\org\junit\jupiter\junit-jupiter-api\5.8.1\junit-jupiter-api-5.8.1.jar;C:\Users\himanshu.dabhade\.m2\repository\org\opentest4j\opentest4j\1.2.0\opentest4j-1.2.0.jar;C:\Users\himanshu.dabhade\.m2\repository\org\junit\platform\junit-platform-commons\1.8.1\junit-platform-commons-1.8.1.jar;C:\Users\himanshu.dabhade\.m2\repository\org\apiguardian\apiguardian-api\1.1.2\apiguardian-api-1.1.2.jar;C:\Users\himanshu.dabhade\.m2\repository\org\junit\jupiter\junit-jupiter-params\5.8.1\junit-jupiter-params-5.8.1.jar;C:\Users\himanshu.dabhade\.m2\repository\org\junit\jupiter\junit-jupiter-engine\5.8.1\junit-jupiter-engine-5.8.1.jar;C:\Users\himanshu.dabhade\.m2\repository\org\junit\platform\junit-platform-engine\1.8.1\junit-platform-engine-1.8.1.jar;C:\Users\himanshu.dabhade\.m2\repository\org\mockito\mockito-junit-jupiter\4.0.0\mockito-junit-jupiter-4.0.0.jar;C:\Users\himanshu.dabhade\.m2\repository\org\mockito\mockito-core\4.0.0\mockito-core-4.0.0.jar;C:\Users\himanshu.dabhade\.m2\repository\net\bytebuddy\byte-buddy\1.11.19\byte-buddy-1.11.19.jar;C:\Users\himanshu.dabhade\.m2\repository\net\bytebuddy\byte-buddy-agent\1.11.19\byte-buddy-agent-1.11.19.jar;C:\Users\himanshu.dabhade\.m2\repository\org\objenesis\objenesis\3.2\objenesis-3.2.jar;C:\Users\himanshu.dabhade\.m2\repository\org\mockito\mockito-inline\4.0.0\mockito-inline-4.0.0.jar;"/>
    <property name="sun.cpu.endian" value="little"/>
    <property name="user.home" value="C:\Users\himanshu.dabhade"/>
    <property name="user.language" value="en"/>
    <property name="java.specification.vendor" value="Oracle Corporation"/>
    <property name="java.home" value="C:\Program Files\Java\jdk1.8.0_201\jre"/>
    <property name="basedir" value="E:\zenfre-original-code\backend\aws-provisional-aurora\aurora-provisional-post-transaction"/>
    <property name="file.separator" value="\"/>
    <property name="line.separator" value="&#10;"/>
    <property name="java.vm.specification.vendor" value="Oracle Corporation"/>
    <property name="java.specification.name" value="Java Platform API Specification"/>
    <property name="java.awt.graphicsenv" value="sun.awt.Win32GraphicsEnvironment"/>
    <property name="surefire.real.class.path" value="C:\Users\HIMANS~1.DAB\AppData\Local\Temp\surefire3610888763802045259\surefirebooter625128833218626943.jar"/>
    <property name="sun.boot.class.path" value="C:\Program Files\Java\jdk1.8.0_201\jre\lib\resources.jar;C:\Program Files\Java\jdk1.8.0_201\jre\lib\rt.jar;C:\Program Files\Java\jdk1.8.0_201\jre\lib\sunrsasign.jar;C:\Program Files\Java\jdk1.8.0_201\jre\lib\jsse.jar;C:\Program Files\Java\jdk1.8.0_201\jre\lib\jce.jar;C:\Program Files\Java\jdk1.8.0_201\jre\lib\charsets.jar;C:\Program Files\Java\jdk1.8.0_201\jre\lib\jfr.jar;C:\Program Files\Java\jdk1.8.0_201\jre\classes"/>
    <property name="user.script" value=""/>
    <property name="sun.management.compiler" value="HotSpot 64-Bit Tiered Compilers"/>
    <property name="java.runtime.version" value="1.8.0_201-b09"/>
    <property name="user.name" value="Himanshu.Dabhade"/>
    <property name="path.separator" value=";"/>
    <property name="os.version" value="10.0"/>
    <property name="java.endorsed.dirs" value="C:\Program Files\Java\jdk1.8.0_201\jre\lib\endorsed"/>
    <property name="java.runtime.name" value="Java(TM) SE Runtime Environment"/>
    <property name="file.encoding" value="Cp1252"/>
    <property name="java.vm.name" value="Java HotSpot(TM) 64-Bit Server VM"/>
    <property name="localRepository" value="C:\Users\himanshu.dabhade\.m2\repository"/>
    <property name="java.vendor.url.bug" value="http://bugreport.sun.com/bugreport/"/>
    <property name="java.io.tmpdir" value="C:\Users\HIMANS~1.DAB\AppData\Local\Temp\"/>
    <property name="java.version" value="1.8.0_201"/>
    <property name="user.dir" value="E:\zenfre-original-code\backend\aws-provisional-aurora\aurora-provisional-post-transaction"/>
    <property name="os.arch" value="amd64"/>
    <property name="java.vm.specification.name" value="Java Virtual Machine Specification"/>
    <property name="java.awt.printerjob" value="sun.awt.windows.WPrinterJob"/>
    <property name="sun.os.patch.level" value=""/>
    <property name="java.library.path" value="C:\Program Files\Java\jdk1.8.0_201\jre\bin;C:\Windows\Sun\Java\bin;C:\Windows\system32;C:\Windows;C:\Python310\Scripts\;C:\Python310\;C:\Program Files (x86)\Common Files\Oracle\Java\javapath;C:\Python37\Scripts\;C:\Python37\;C:\Windows\system32;C:\Windows;C:\Windows\System32\Wbem;C:\Windows\System32\WindowsPowerShell\v1.0\;C:\Windows\System32\OpenSSH\;C:\Program Files\Git\cmd;C:\Program Files\Amazon\AWSCLIV2\;C:\Program Files\Java\jdk1.8.0_201\bin;C:\Program Files\Docker\Docker\resources\bin;C:\ProgramData\DockerDesktop\version-bin;C:\Program Files\nodejs\;C:\ProgramData\chocolatey\bin;C:\Users\himanshu.dabhade\AppData\Local\Microsoft\WindowsApps;C:\Users\himanshu.dabhade\AppData\Local\Programs\Microsoft VS Code\bin;C:\Terraform;D:\terraform code;D:\apache-maven-3.8.5-bin\apache-maven-3.8.5\bin;D:\apache-maven-3.8.5-bin\apache-maven-3.8.5\bin;;."/>
    <property name="java.vm.info" value="mixed mode"/>
    <property name="java.vendor" value="Oracle Corporation"/>
    <property name="java.vm.version" value="25.201-b09"/>
    <property name="java.ext.dirs" value="C:\Program Files\Java\jdk1.8.0_201\jre\lib\ext;C:\Windows\Sun\Java\lib\ext"/>
    <property name="sun.io.unicode.encoding" value="UnicodeLittle"/>
    <property name="java.class.version" value="52.0"/>
  </properties>
  <testcase name="shouldCreateAuroraItemIfRequestIsValid" classname="com.home.amazon.provisional.lambda.PutAuroraItemFunctionTest" time="10.925"/>
</testsuite>